[INFO] [2025-04-26 21:59:50,090] - main: App Started
[INFO] [2025-04-26 21:59:50,246] - database: Connected to database was successfull
[INFO] [2025-04-26 21:59:51,645] - pages: 'StartAdmin' page was openned
[ERROR] [2025-04-26 22:00:09,764] - asyncio: Future exception was never retrieved
future: <Future finished exception=FileNotFoundError(2, 'No such file or directory')>
Traceback (most recent call last):
  File "c:\Users\user\AppData\Local\Programs\Python\Python311\Lib\concurrent\futures\thread.py", line 58, in run
    result = self.fn(*self.args, **self.kwargs)
             ^^^^^^^^^^^^^^^^^^^^^^^^^^^^^^^^^^
  File "c:\Users\user\AppData\Local\Programs\Python\Python311\Lib\site-packages\flet\core\page.py", line 903, in wrapper
    handler(*args)
  File "E:\PROJECT\Python\NAMT_BOT\Git\UnimportantProject_HAMT\utilits\utilits_desktop.py", line 186, in pageClose
    with open("Admin Configure", 'r') as file:
         ^^^^^^^^^^^^^^^^^^^^^^^^^^^^
FileNotFoundError: [Errno 2] No such file or directory: 'Admin Configure'
[ERROR] [2025-04-26 22:00:15,277] - asyncio: Future exception was never retrieved
future: <Future finished exception=FileNotFoundError(2, 'No such file or directory')>
Traceback (most recent call last):
  File "c:\Users\user\AppData\Local\Programs\Python\Python311\Lib\concurrent\futures\thread.py", line 58, in run
    result = self.fn(*self.args, **self.kwargs)
             ^^^^^^^^^^^^^^^^^^^^^^^^^^^^^^^^^^
  File "c:\Users\user\AppData\Local\Programs\Python\Python311\Lib\site-packages\flet\core\page.py", line 903, in wrapper
    handler(*args)
  File "E:\PROJECT\Python\NAMT_BOT\Git\UnimportantProject_HAMT\utilits\utilits_desktop.py", line 186, in pageClose
    with open("Admin Configure", 'r') as file:
         ^^^^^^^^^^^^^^^^^^^^^^^^^^^^
FileNotFoundError: [Errno 2] No such file or directory: 'Admin Configure'
[ERROR] [2025-04-26 22:00:18,724] - asyncio: Future exception was never retrieved
future: <Future finished exception=FileNotFoundError(2, 'No such file or directory')>
Traceback (most recent call last):
  File "c:\Users\user\AppData\Local\Programs\Python\Python311\Lib\concurrent\futures\thread.py", line 58, in run
    result = self.fn(*self.args, **self.kwargs)
             ^^^^^^^^^^^^^^^^^^^^^^^^^^^^^^^^^^
  File "c:\Users\user\AppData\Local\Programs\Python\Python311\Lib\site-packages\flet\core\page.py", line 903, in wrapper
    handler(*args)
  File "E:\PROJECT\Python\NAMT_BOT\Git\UnimportantProject_HAMT\utilits\utilits_desktop.py", line 186, in pageClose
    with open("Admin Configure", 'r') as file:
         ^^^^^^^^^^^^^^^^^^^^^^^^^^^^
FileNotFoundError: [Errno 2] No such file or directory: 'Admin Configure'
[INFO] [2025-04-26 22:01:03,656] - main: App Started
[INFO] [2025-04-26 22:01:03,719] - database: Connected to database was successfull
[INFO] [2025-04-26 22:01:04,259] - pages: 'StartAdmin' page was openned
[ERROR] [2025-04-26 22:01:07,877] - asyncio: Future exception was never retrieved
future: <Future finished exception=FileNotFoundError(2, 'No such file or directory')>
Traceback (most recent call last):
  File "c:\Users\user\AppData\Local\Programs\Python\Python311\Lib\concurrent\futures\thread.py", line 58, in run
    result = self.fn(*self.args, **self.kwargs)
             ^^^^^^^^^^^^^^^^^^^^^^^^^^^^^^^^^^
  File "c:\Users\user\AppData\Local\Programs\Python\Python311\Lib\site-packages\flet\core\page.py", line 903, in wrapper
    handler(*args)
  File "E:\PROJECT\Python\NAMT_BOT\Git\UnimportantProject_HAMT\utilits\utilits_desktop.py", line 186, in pageClose
    with open("Desktop\\Admin Configure", 'r') as file:
         ^^^^^^^^^^^^^^^^^^^^^^^^^^^^^^^^^^^^^
FileNotFoundError: [Errno 2] No such file or directory: 'Desktop\\Admin Configure'
[ERROR] [2025-04-26 22:01:11,432] - asyncio: Future exception was never retrieved
future: <Future finished exception=FileNotFoundError(2, 'No such file or directory')>
Traceback (most recent call last):
  File "c:\Users\user\AppData\Local\Programs\Python\Python311\Lib\concurrent\futures\thread.py", line 58, in run
    result = self.fn(*self.args, **self.kwargs)
             ^^^^^^^^^^^^^^^^^^^^^^^^^^^^^^^^^^
  File "c:\Users\user\AppData\Local\Programs\Python\Python311\Lib\site-packages\flet\core\page.py", line 903, in wrapper
    handler(*args)
  File "E:\PROJECT\Python\NAMT_BOT\Git\UnimportantProject_HAMT\utilits\utilits_desktop.py", line 186, in pageClose
    with open("Desktop\\Admin Configure", 'r') as file:
         ^^^^^^^^^^^^^^^^^^^^^^^^^^^^^^^^^^^^^
FileNotFoundError: [Errno 2] No such file or directory: 'Desktop\\Admin Configure'
[INFO] [2025-04-26 22:02:17,771] - main: App Started
[INFO] [2025-04-26 22:02:17,869] - database: Connected to database was successfull
[INFO] [2025-04-26 22:02:18,381] - pages: 'StartAdmin' page was openned
[INFO] [2025-04-27 11:05:29,626] - main: App Started
[INFO] [2025-04-27 11:05:29,690] - database: Connected to database was successfull
[INFO] [2025-04-27 11:06:03,372] - main: App Started
[INFO] [2025-04-27 11:06:03,423] - database: Connected to database was successfull
[INFO] [2025-04-27 11:06:04,117] - pages: 'StartAdmin' page was openned
[INFO] [2025-04-27 11:08:43,424] - main: App Started
[INFO] [2025-04-27 11:08:43,487] - database: Connected to database was successfull
[INFO] [2025-04-27 11:08:43,944] - pages: 'StartAdmin' page was openned
[INFO] [2025-04-27 11:09:08,515] - main: App Started
[INFO] [2025-04-27 11:09:08,742] - database: Connected to database was successfull
[INFO] [2025-04-27 11:09:09,197] - pages: 'StartAdmin' page was openned
[INFO] [2025-04-27 12:05:16,239] - main: App Started
[INFO] [2025-04-27 12:05:16,312] - database: Connected to database was successfull
[INFO] [2025-04-27 12:05:16,808] - pages: 'StartAdmin' page was openned
[INFO] [2025-04-27 12:08:45,628] - main: App Started
[INFO] [2025-04-27 12:08:45,683] - database: Connected to database was successfull
[INFO] [2025-04-27 12:08:46,341] - pages: 'StartAdmin' page was openned
[INFO] [2025-04-27 12:09:48,663] - main: App Started
[INFO] [2025-04-27 12:09:48,718] - database: Connected to database was successfull
[INFO] [2025-04-27 12:09:49,156] - pages: 'StartAdmin' page was openned
[ERROR] [2025-04-27 12:10:33,411] - asyncio: Future exception was never retrieved
future: <Future finished exception=TypeError('can only concatenate str (not "AttributeError") to str')>
Traceback (most recent call last):
  File "E:\PROJECT\Python\NAMT_BOT\Git\UnimportantProject_HAMT\utilits\utilits_desktop.py", line 213, in encrypt
    dataOut=config.fernet.encrypt(dataIn.encode())
            ^^^^^^^^^^^^^^^^^^^^^
AttributeError: 'NoneType' object has no attribute 'encrypt'

During handling of the above exception, another exception occurred:

Traceback (most recent call last):
  File "c:\Users\user\AppData\Local\Programs\Python\Python311\Lib\concurrent\futures\thread.py", line 58, in run
    result = self.fn(*self.args, **self.kwargs)
             ^^^^^^^^^^^^^^^^^^^^^^^^^^^^^^^^^^
  File "c:\Users\user\AppData\Local\Programs\Python\Python311\Lib\site-packages\flet\core\page.py", line 903, in wrapper
    handler(*args)
  File "E:\PROJECT\Python\NAMT_BOT\Git\UnimportantProject_HAMT\Desktop\pages.py", line 549, in adminRegInBD
    result=bd.reqExecute(f"Select * from Administrators where TG_Username='{deskU.encrypt(usernameField.value)}' AND FSL='{deskU.encrypt(fslField.value)}'")
                                                                            ^^^^^^^^^^^^^^^^^^^^^^^^^^^^^^^^^^
  File "E:\PROJECT\Python\NAMT_BOT\Git\UnimportantProject_HAMT\utilits\utilits_desktop.py", line 219, in encrypt
    logger_deskU.exception(" "+ex)
                           ~~~^~~
TypeError: can only concatenate str (not "AttributeError") to str
[INFO] [2025-04-27 12:11:34,813] - main: App Started
[INFO] [2025-04-27 12:11:34,923] - database: Connected to database was successfull
[INFO] [2025-04-27 12:11:35,796] - pages: 'StartAdmin' page was openned
[ERROR] [2025-04-27 12:12:31,389] - asyncio: Future exception was never retrieved
future: <Future finished exception=TypeError('can only concatenate str (not "AttributeError") to str')>
Traceback (most recent call last):
  File "E:\PROJECT\Python\NAMT_BOT\Git\UnimportantProject_HAMT\utilits\utilits_desktop.py", line 213, in encrypt
    dataOut=config.fernet.encrypt(dataIn.encode())
            ^^^^^^^^^^^^^^^^^^^^^
AttributeError: 'NoneType' object has no attribute 'encrypt'

During handling of the above exception, another exception occurred:

Traceback (most recent call last):
  File "c:\Users\user\AppData\Local\Programs\Python\Python311\Lib\concurrent\futures\thread.py", line 58, in run
    result = self.fn(*self.args, **self.kwargs)
             ^^^^^^^^^^^^^^^^^^^^^^^^^^^^^^^^^^
  File "c:\Users\user\AppData\Local\Programs\Python\Python311\Lib\site-packages\flet\core\page.py", line 903, in wrapper
    handler(*args)
  File "E:\PROJECT\Python\NAMT_BOT\Git\UnimportantProject_HAMT\Desktop\pages.py", line 549, in adminRegInBD
    result=bd.reqExecute(f"Select * from Administrators where TG_Username='{deskU.encrypt(usernameField.value)}' AND FSL='{deskU.encrypt(fslField.value)}'")
                                                                            ^^^^^^^^^^^^^^^^^^^^^^^^^^^^^^^^^^
  File "E:\PROJECT\Python\NAMT_BOT\Git\UnimportantProject_HAMT\utilits\utilits_desktop.py", line 219, in encrypt
    logger_deskU.exception(" "+ex)
                           ~~~^~~
TypeError: can only concatenate str (not "AttributeError") to str
[ERROR] [2025-04-27 12:13:02,534] - asyncio: Future exception was never retrieved
future: <Future finished exception=TypeError('can only concatenate str (not "AttributeError") to str')>
Traceback (most recent call last):
  File "E:\PROJECT\Python\NAMT_BOT\Git\UnimportantProject_HAMT\utilits\utilits_desktop.py", line 213, in encrypt
    dataOut=config.fernet.encrypt(dataIn.encode())
            ^^^^^^^^^^^^^^^^^^^^^
AttributeError: 'NoneType' object has no attribute 'encrypt'

During handling of the above exception, another exception occurred:

Traceback (most recent call last):
  File "c:\Users\user\AppData\Local\Programs\Python\Python311\Lib\concurrent\futures\thread.py", line 58, in run
    result = self.fn(*self.args, **self.kwargs)
             ^^^^^^^^^^^^^^^^^^^^^^^^^^^^^^^^^^
  File "c:\Users\user\AppData\Local\Programs\Python\Python311\Lib\site-packages\flet\core\page.py", line 903, in wrapper
    handler(*args)
  File "E:\PROJECT\Python\NAMT_BOT\Git\UnimportantProject_HAMT\Desktop\pages.py", line 549, in adminRegInBD
    result=bd.reqExecute(f"Select * from Administrators where TG_Username='{deskU.encrypt(usernameField.value)}' AND FSL='{deskU.encrypt(fslField.value)}'")
                                                                            ^^^^^^^^^^^^^^^^^^^^^^^^^^^^^^^^^^
  File "E:\PROJECT\Python\NAMT_BOT\Git\UnimportantProject_HAMT\utilits\utilits_desktop.py", line 219, in encrypt
    logger_deskU.exception(" "+ex)
                           ~~~^~~
TypeError: can only concatenate str (not "AttributeError") to str
[INFO] [2025-04-27 12:24:27,608] - main: App Started
[INFO] [2025-04-27 12:24:27,664] - database: Connected to database was successfull
[INFO] [2025-04-27 12:24:28,224] - pages: 'StartAdmin' page was openned
[ERROR] [2025-04-27 12:26:21,214] - asyncio: Future exception was never retrieved
future: <Future finished exception=TypeError('Strings must be encoded before hashing')>
Traceback (most recent call last):
  File "c:\Users\user\AppData\Local\Programs\Python\Python311\Lib\concurrent\futures\thread.py", line 58, in run
    result = self.fn(*self.args, **self.kwargs)
             ^^^^^^^^^^^^^^^^^^^^^^^^^^^^^^^^^^
  File "c:\Users\user\AppData\Local\Programs\Python\Python311\Lib\site-packages\flet\core\page.py", line 903, in wrapper
    handler(*args)
  File "E:\PROJECT\Python\NAMT_BOT\Git\UnimportantProject_HAMT\Desktop\pages.py", line 549, in adminRegInBD
    config.token=sha384(passwordField.value).digest()
                 ^^^^^^^^^^^^^^^^^^^^^^^^^^^
TypeError: Strings must be encoded before hashing
[ERROR] [2025-04-27 12:26:23,825] - asyncio: Future exception was never retrieved
future: <Future finished exception=TypeError('Strings must be encoded before hashing')>
Traceback (most recent call last):
  File "c:\Users\user\AppData\Local\Programs\Python\Python311\Lib\concurrent\futures\thread.py", line 58, in run
    result = self.fn(*self.args, **self.kwargs)
             ^^^^^^^^^^^^^^^^^^^^^^^^^^^^^^^^^^
  File "c:\Users\user\AppData\Local\Programs\Python\Python311\Lib\site-packages\flet\core\page.py", line 903, in wrapper
    handler(*args)
  File "E:\PROJECT\Python\NAMT_BOT\Git\UnimportantProject_HAMT\Desktop\pages.py", line 549, in adminRegInBD
    config.token=sha384(passwordField.value).digest()
                 ^^^^^^^^^^^^^^^^^^^^^^^^^^^
TypeError: Strings must be encoded before hashing
[INFO] [2025-04-27 12:26:48,595] - main: App Started
[INFO] [2025-04-27 12:26:48,654] - database: Connected to database was successfull
[INFO] [2025-04-27 12:26:49,160] - pages: 'StartAdmin' page was openned
[ERROR] [2025-04-27 12:27:06,439] - asyncio: Future exception was never retrieved
future: <Future finished exception=ValueError('Fernet key must be 32 url-safe base64-encoded bytes.')>
Traceback (most recent call last):
  File "c:\Users\user\AppData\Local\Programs\Python\Python311\Lib\site-packages\cryptography\fernet.py", line 34, in __init__
    key = base64.urlsafe_b64decode(key)
          ^^^^^^^^^^^^^^^^^^^^^^^^^^^^^
  File "c:\Users\user\AppData\Local\Programs\Python\Python311\Lib\base64.py", line 134, in urlsafe_b64decode
    return b64decode(s)
           ^^^^^^^^^^^^
  File "c:\Users\user\AppData\Local\Programs\Python\Python311\Lib\base64.py", line 88, in b64decode
    return binascii.a2b_base64(s, strict_mode=validate)
           ^^^^^^^^^^^^^^^^^^^^^^^^^^^^^^^^^^^^^^^^^^^^
binascii.Error: Incorrect padding

The above exception was the direct cause of the following exception:

Traceback (most recent call last):
  File "c:\Users\user\AppData\Local\Programs\Python\Python311\Lib\concurrent\futures\thread.py", line 58, in run
    result = self.fn(*self.args, **self.kwargs)
             ^^^^^^^^^^^^^^^^^^^^^^^^^^^^^^^^^^
  File "c:\Users\user\AppData\Local\Programs\Python\Python311\Lib\site-packages\flet\core\page.py", line 903, in wrapper
    handler(*args)
  File "E:\PROJECT\Python\NAMT_BOT\Git\UnimportantProject_HAMT\Desktop\pages.py", line 550, in adminRegInBD
    config.fernet=Fernet(config.token)
                  ^^^^^^^^^^^^^^^^^^^^
  File "c:\Users\user\AppData\Local\Programs\Python\Python311\Lib\site-packages\cryptography\fernet.py", line 36, in __init__
    raise ValueError(
ValueError: Fernet key must be 32 url-safe base64-encoded bytes.
[INFO] [2025-04-27 12:28:09,849] - main: App Started
[INFO] [2025-04-27 12:28:10,003] - database: Connected to database was successfull
[INFO] [2025-04-27 12:28:10,810] - pages: 'StartAdmin' page was openned
[ERROR] [2025-04-27 12:28:37,989] - asyncio: Future exception was never retrieved
future: <Future finished exception=UnicodeDecodeError('utf-8', b'\xcf\x0c\x13\x9d\xd9\x07\x9fZ=\xac\xc0p\xc6h\xa5\xf8X\x98vj)\xff\xd5\xe1\xd7\xf3%Of\xba{f\xf9\xb2A\xb1\xdb\x04F\x12;\xda\x08\xee\xbc:g\xbb', 0, 1, 'invalid continuation byte')>
Traceback (most recent call last):
  File "c:\Users\user\AppData\Local\Programs\Python\Python311\Lib\concurrent\futures\thread.py", line 58, in run
    result = self.fn(*self.args, **self.kwargs)
             ^^^^^^^^^^^^^^^^^^^^^^^^^^^^^^^^^^
  File "c:\Users\user\AppData\Local\Programs\Python\Python311\Lib\site-packages\flet\core\page.py", line 903, in wrapper
    handler(*args)
  File "E:\PROJECT\Python\NAMT_BOT\Git\UnimportantProject_HAMT\Desktop\pages.py", line 550, in adminRegInBD
    config.fernet=Fernet(config.token.decode()[:32])
                         ^^^^^^^^^^^^^^^^^^^^^
UnicodeDecodeError: 'utf-8' codec can't decode byte 0xcf in position 0: invalid continuation byte
[INFO] [2025-04-27 12:29:15,547] - main: App Started
[INFO] [2025-04-27 12:29:15,608] - database: Connected to database was successfull
[INFO] [2025-04-27 12:29:16,264] - pages: 'StartAdmin' page was openned
[ERROR] [2025-04-27 13:01:31,773] - asyncio: Future exception was never retrieved
future: <Future finished exception=TypeError('can only concatenate str (not "FileNotFoundError") to str')>
Traceback (most recent call last):
  File "E:\PROJECT\Python\NAMT_BOT\Git\UnimportantProject_HAMT\utilits\utilits_desktop.py", line 194, in pageClose
    with open("Desktop\\Admin Configure", 'r') as file:
         ^^^^^^^^^^^^^^^^^^^^^^^^^^^^^^^^^^^^^
FileNotFoundError: [Errno 2] No such file or directory: 'Desktop\\Admin Configure'

During handling of the above exception, another exception occurred:

Traceback (most recent call last):
  File "c:\Users\user\AppData\Local\Programs\Python\Python311\Lib\concurrent\futures\thread.py", line 58, in run
    result = self.fn(*self.args, **self.kwargs)
             ^^^^^^^^^^^^^^^^^^^^^^^^^^^^^^^^^^
  File "c:\Users\user\AppData\Local\Programs\Python\Python311\Lib\site-packages\flet\core\page.py", line 903, in wrapper
    handler(*args)
  File "E:\PROJECT\Python\NAMT_BOT\Git\UnimportantProject_HAMT\utilits\utilits_desktop.py", line 204, in pageClose
    logger_deskU.exception(" "+ex)
                           ~~~^~~
TypeError: can only concatenate str (not "FileNotFoundError") to str
[ERROR] [2025-04-27 13:01:39,427] - asyncio: Future exception was never retrieved
future: <Future finished exception=TypeError('can only concatenate str (not "FileNotFoundError") to str')>
Traceback (most recent call last):
  File "E:\PROJECT\Python\NAMT_BOT\Git\UnimportantProject_HAMT\utilits\utilits_desktop.py", line 194, in pageClose
    with open("Desktop\\Admin Configure", 'r') as file:
         ^^^^^^^^^^^^^^^^^^^^^^^^^^^^^^^^^^^^^
FileNotFoundError: [Errno 2] No such file or directory: 'Desktop\\Admin Configure'

During handling of the above exception, another exception occurred:

Traceback (most recent call last):
  File "c:\Users\user\AppData\Local\Programs\Python\Python311\Lib\concurrent\futures\thread.py", line 58, in run
    result = self.fn(*self.args, **self.kwargs)
             ^^^^^^^^^^^^^^^^^^^^^^^^^^^^^^^^^^
  File "c:\Users\user\AppData\Local\Programs\Python\Python311\Lib\site-packages\flet\core\page.py", line 903, in wrapper
    handler(*args)
  File "E:\PROJECT\Python\NAMT_BOT\Git\UnimportantProject_HAMT\utilits\utilits_desktop.py", line 204, in pageClose
    logger_deskU.exception(" "+ex)
                           ~~~^~~
TypeError: can only concatenate str (not "FileNotFoundError") to str
[ERROR] [2025-04-27 13:01:39,941] - asyncio: Future exception was never retrieved
future: <Future finished exception=TypeError('can only concatenate str (not "FileNotFoundError") to str')>
Traceback (most recent call last):
  File "E:\PROJECT\Python\NAMT_BOT\Git\UnimportantProject_HAMT\utilits\utilits_desktop.py", line 194, in pageClose
    with open("Desktop\\Admin Configure", 'r') as file:
         ^^^^^^^^^^^^^^^^^^^^^^^^^^^^^^^^^^^^^
FileNotFoundError: [Errno 2] No such file or directory: 'Desktop\\Admin Configure'

During handling of the above exception, another exception occurred:

Traceback (most recent call last):
  File "c:\Users\user\AppData\Local\Programs\Python\Python311\Lib\concurrent\futures\thread.py", line 58, in run
    result = self.fn(*self.args, **self.kwargs)
             ^^^^^^^^^^^^^^^^^^^^^^^^^^^^^^^^^^
  File "c:\Users\user\AppData\Local\Programs\Python\Python311\Lib\site-packages\flet\core\page.py", line 903, in wrapper
    handler(*args)
  File "E:\PROJECT\Python\NAMT_BOT\Git\UnimportantProject_HAMT\utilits\utilits_desktop.py", line 204, in pageClose
    logger_deskU.exception(" "+ex)
                           ~~~^~~
TypeError: can only concatenate str (not "FileNotFoundError") to str
[INFO] [2025-04-27 15:30:54,068] - main: App Started
[INFO] [2025-04-27 15:30:54,122] - database: Connected to database was successfull
[INFO] [2025-04-27 15:30:56,513] - pages: 'StartAdmin' page was openned
[INFO] [2025-04-27 15:34:49,497] - main: App Started
[INFO] [2025-04-27 15:34:49,564] - database: Connected to database was successfull
[INFO] [2025-04-27 15:34:56,204] - pages: 'StartAdmin' page was openned
[ERROR] [2025-04-27 15:35:15,634] - asyncio: Future exception was never retrieved
future: <Future finished exception=TypeError('Strings must be encoded before hashing')>
Traceback (most recent call last):
  File "c:\Users\user\AppData\Local\Programs\Python\Python311\Lib\concurrent\futures\thread.py", line 58, in run
    result = self.fn(*self.args, **self.kwargs)
             ^^^^^^^^^^^^^^^^^^^^^^^^^^^^^^^^^^
  File "c:\Users\user\AppData\Local\Programs\Python\Python311\Lib\site-packages\flet\core\page.py", line 903, in wrapper
    handler(*args)
  File "E:\PROJECT\Python\NAMT_BOT\Git\UnimportantProject_HAMT\Desktop\pages.py", line 548, in adminRegInBD
    result=bd.reqExecute(f"Select * from Administrators where TG_Username='{sha384(usernameField.value)}' AND FSL='{(fslField.value)}'")
                                                                            ^^^^^^^^^^^^^^^^^^^^^^^^^^^
TypeError: Strings must be encoded before hashing
[INFO] [2025-04-27 15:36:36,562] - main: App Started
[INFO] [2025-04-27 15:36:36,621] - database: Connected to database was successfull
[INFO] [2025-04-27 15:36:37,099] - pages: 'StartAdmin' page was openned
[ERROR] [2025-04-27 15:37:08,010] - asyncio: Future exception was never retrieved
future: <Future finished exception=TypeError('Strings must be encoded before hashing')>
Traceback (most recent call last):
  File "c:\Users\user\AppData\Local\Programs\Python\Python311\Lib\concurrent\futures\thread.py", line 58, in run
    result = self.fn(*self.args, **self.kwargs)
             ^^^^^^^^^^^^^^^^^^^^^^^^^^^^^^^^^^
  File "c:\Users\user\AppData\Local\Programs\Python\Python311\Lib\site-packages\flet\core\page.py", line 903, in wrapper
    handler(*args)
  File "E:\PROJECT\Python\NAMT_BOT\Git\UnimportantProject_HAMT\Desktop\pages.py", line 548, in adminRegInBD
    result=bd.reqExecute(f"Select * from Administrators where TG_Username='{sha384(usernameField.value).digest().decode()}' AND FSL='{(fslField.value)}'")
                                                                            ^^^^^^^^^^^^^^^^^^^^^^^^^^^
TypeError: Strings must be encoded before hashing
[INFO] [2025-04-27 15:37:51,480] - main: App Started
[INFO] [2025-04-27 15:37:51,536] - database: Connected to database was successfull
[INFO] [2025-04-27 15:37:52,162] - pages: 'StartAdmin' page was openned
[ERROR] [2025-04-27 15:38:26,392] - asyncio: Future exception was never retrieved
future: <Future finished exception=UnicodeDecodeError('utf-8', b'\xad\xc9\x90?kF1\xe0\x14\x10\xfb`\xea\x9d\x15\x90\xa2\xeeG JD\xfb0\t\xaa\x84\\\x12\xab\r\x8a\xa6\x06\xc6\x9f\x03WUo:\xba\xd8\xb6M\x15d\x98', 0, 1, 'invalid start byte')>
Traceback (most recent call last):
  File "c:\Users\user\AppData\Local\Programs\Python\Python311\Lib\concurrent\futures\thread.py", line 58, in run
    result = self.fn(*self.args, **self.kwargs)
             ^^^^^^^^^^^^^^^^^^^^^^^^^^^^^^^^^^
  File "c:\Users\user\AppData\Local\Programs\Python\Python311\Lib\site-packages\flet\core\page.py", line 903, in wrapper
    handler(*args)
  File "E:\PROJECT\Python\NAMT_BOT\Git\UnimportantProject_HAMT\Desktop\pages.py", line 548, in adminRegInBD
    result=bd.reqExecute(f"Select * from Administrators where TG_Username='{sha384(usernameField.value.encode()).digest().decode()}' AND FSL='{(fslField.value)}'")
                                                                            ^^^^^^^^^^^^^^^^^^^^^^^^^^^^^^^^^^^^^^^^^^^^^^^^^^^^^^
UnicodeDecodeError: 'utf-8' codec can't decode byte 0xad in position 0: invalid start byte
[INFO] [2025-04-27 15:39:33,547] - main: App Started
[INFO] [2025-04-27 15:39:33,609] - database: Connected to database was successfull
[INFO] [2025-04-27 15:39:34,014] - pages: 'StartAdmin' page was openned
[INFO] [2025-04-27 15:41:44,459] - main: App Started
[INFO] [2025-04-27 15:41:44,632] - database: Connected to database was successfull
[INFO] [2025-04-27 15:41:45,363] - pages: 'StartAdmin' page was openned
[INFO] [2025-04-27 15:41:58,299] - main: App Started
[INFO] [2025-04-27 15:41:58,352] - database: Connected to database was successfull
[INFO] [2025-04-27 15:41:58,762] - pages: 'StartAdmin' page was openned
[ERROR] [2025-04-27 15:43:00,523] - asyncio: Future exception was never retrieved
future: <Future finished exception=AttributeError("'Row' object has no attribute 'border_color'")>
Traceback (most recent call last):
  File "c:\Users\user\AppData\Local\Programs\Python\Python311\Lib\concurrent\futures\thread.py", line 58, in run
    result = self.fn(*self.args, **self.kwargs)
             ^^^^^^^^^^^^^^^^^^^^^^^^^^^^^^^^^^
  File "c:\Users\user\AppData\Local\Programs\Python\Python311\Lib\site-packages\flet\core\page.py", line 903, in wrapper
    handler(*args)
  File "E:\PROJECT\Python\NAMT_BOT\Git\UnimportantProject_HAMT\Desktop\pages.py", line 583, in adminRegInBD
    baseColor=self.page.controls[0].border_color
              ^^^^^^^^^^^^^^^^^^^^^^^^^^^^^^^^^^
AttributeError: 'Row' object has no attribute 'border_color'
[ERROR] [2025-04-27 15:44:35,833] - asyncio: Future exception was never retrieved
future: <Future finished exception=AttributeError("'Row' object has no attribute 'border_color'")>
Traceback (most recent call last):
  File "c:\Users\user\AppData\Local\Programs\Python\Python311\Lib\concurrent\futures\thread.py", line 58, in run
    result = self.fn(*self.args, **self.kwargs)
             ^^^^^^^^^^^^^^^^^^^^^^^^^^^^^^^^^^
  File "c:\Users\user\AppData\Local\Programs\Python\Python311\Lib\site-packages\flet\core\page.py", line 903, in wrapper
    handler(*args)
  File "E:\PROJECT\Python\NAMT_BOT\Git\UnimportantProject_HAMT\Desktop\pages.py", line 583, in adminRegInBD
    baseColor=self.page.controls[0].border_color
              ^^^^^^^^^^^^^^^^^^^^^^^^^^^^^^^^^^
AttributeError: 'Row' object has no attribute 'border_color'
[INFO] [2025-04-27 15:46:36,166] - main: App Started
[INFO] [2025-04-27 15:46:36,692] - database: Connected to database was successfull
[INFO] [2025-04-27 15:46:38,823] - pages: 'StartAdmin' page was openned
[INFO] [2025-04-27 15:48:56,299] - main: App Started
[INFO] [2025-04-27 15:48:56,350] - database: Connected to database was successfull
[INFO] [2025-04-27 15:48:56,818] - pages: 'StartAdmin' page was openned
[INFO] [2025-04-27 15:51:06,903] - main: App Started
[INFO] [2025-04-27 15:51:07,057] - database: Connected to database was successfull
[INFO] [2025-04-27 15:51:07,471] - pages: 'StartAdmin' page was openned
[ERROR] [2025-04-27 15:52:10,704] - asyncio: Future exception was never retrieved
future: <Future finished exception=UnboundLocalError("cannot access local variable 'baseColor' where it is not associated with a value")>
Traceback (most recent call last):
  File "c:\Users\user\AppData\Local\Programs\Python\Python311\Lib\concurrent\futures\thread.py", line 58, in run
    result = self.fn(*self.args, **self.kwargs)
             ^^^^^^^^^^^^^^^^^^^^^^^^^^^^^^^^^^
  File "c:\Users\user\AppData\Local\Programs\Python\Python311\Lib\site-packages\flet\core\page.py", line 903, in wrapper
    handler(*args)
  File "E:\PROJECT\Python\NAMT_BOT\Git\UnimportantProject_HAMT\Desktop\pages.py", line 590, in adminRegInBD
    control.border_color=baseColor
                         ^^^^^^^^^
UnboundLocalError: cannot access local variable 'baseColor' where it is not associated with a value
[ERROR] [2025-04-27 15:52:19,133] - asyncio: Future exception was never retrieved
future: <Future finished exception=IndexError('list index out of range')>
Traceback (most recent call last):
  File "c:\Users\user\AppData\Local\Programs\Python\Python311\Lib\concurrent\futures\thread.py", line 58, in run
    result = self.fn(*self.args, **self.kwargs)
             ^^^^^^^^^^^^^^^^^^^^^^^^^^^^^^^^^^
  File "c:\Users\user\AppData\Local\Programs\Python\Python311\Lib\site-packages\flet\core\page.py", line 903, in wrapper
    handler(*args)
  File "E:\PROJECT\Python\NAMT_BOT\Git\UnimportantProject_HAMT\Desktop\pages.py", line 544, in backPage
    start_page(self.page,True)
  File "E:\PROJECT\Python\NAMT_BOT\Git\UnimportantProject_HAMT\Desktop\pages.py", line 498, in start_page
    if (line[1]=="Enter Today:1"):
        ~~~~^^^
IndexError: list index out of range
[INFO] [2025-04-27 15:52:54,508] - main: App Started
[INFO] [2025-04-27 15:52:54,744] - database: Connected to database was successfull
[INFO] [2025-04-27 15:53:11,425] - main: App Started
[INFO] [2025-04-27 15:53:11,484] - database: Connected to database was successfull
[INFO] [2025-04-27 15:53:12,103] - pages: 'Start' page was openned
[INFO] [2025-04-27 15:53:16,728] - pages: 'Reset password' page was openned
[ERROR] [2025-04-27 15:54:06,967] - asyncio: Future exception was never retrieved
future: <Future finished exception=TypeError('can only concatenate str (not "IndexError") to str')>
Traceback (most recent call last):
  File "E:\PROJECT\Python\NAMT_BOT\Git\UnimportantProject_HAMT\utilits\utilits_desktop.py", line 195, in pageClose
    lines[1]=f"Enter Today:{datetime.datetime.now().strftime('%D')}"
    ~~~~~^^^
IndexError: list assignment index out of range

During handling of the above exception, another exception occurred:

Traceback (most recent call last):
  File "c:\Users\user\AppData\Local\Programs\Python\Python311\Lib\concurrent\futures\thread.py", line 58, in run
    result = self.fn(*self.args, **self.kwargs)
             ^^^^^^^^^^^^^^^^^^^^^^^^^^^^^^^^^^
  File "c:\Users\user\AppData\Local\Programs\Python\Python311\Lib\site-packages\flet\core\page.py", line 903, in wrapper
    handler(*args)
  File "E:\PROJECT\Python\NAMT_BOT\Git\UnimportantProject_HAMT\utilits\utilits_desktop.py", line 202, in pageClose
    logger_deskU.exception(" "+ex)
                           ~~~^~~
TypeError: can only concatenate str (not "IndexError") to str
[INFO] [2025-04-27 15:55:01,998] - main: App Started
[INFO] [2025-04-27 15:55:02,067] - database: Connected to database was successfull
[INFO] [2025-04-27 15:55:02,545] - pages: 'Start' page was openned
[INFO] [2025-04-27 15:55:25,215] - main: App Started
[INFO] [2025-04-27 15:55:25,298] - database: Connected to database was successfull
[INFO] [2025-04-27 15:55:25,951] - pages: 'Start' page was openned
[INFO] [2025-04-27 15:56:55,483] - main: App Started
[INFO] [2025-04-27 15:56:55,535] - database: Connected to database was successfull
[INFO] [2025-04-27 15:56:56,099] - pages: 'Start' page was openned
[INFO] [2025-04-27 15:57:02,679] - pages: 'Reset password' page was openned
[INFO] [2025-04-27 15:57:25,502] - main: App Started
[INFO] [2025-04-27 15:57:25,555] - database: Connected to database was successfull
[INFO] [2025-04-27 15:57:25,977] - pages: 'Start' page was openned
[INFO] [2025-04-27 15:57:31,742] - pages: 'Reset password' page was openned
[INFO] [2025-04-27 15:57:32,632] - pages: 'Start' page was openned
[INFO] [2025-04-27 15:57:33,610] - pages: 'Reset password' page was openned
[INFO] [2025-04-27 15:57:35,008] - pages: 'Start' page was openned
[INFO] [2025-04-27 15:57:48,868] - pages: 'Reset password' page was openned
[INFO] [2025-04-27 15:57:50,103] - pages: 'Start' page was openned
[INFO] [2025-04-27 16:00:32,247] - main: App Started
[INFO] [2025-04-27 16:00:32,334] - database: Connected to database was successfull
[INFO] [2025-04-27 16:00:33,098] - pages: 'Start' page was openned
[INFO] [2025-04-27 16:33:20,240] - main: App Started
[INFO] [2025-04-27 16:33:20,293] - database: Connected to database was successfull
[INFO] [2025-04-27 16:33:20,789] - pages: 'StartAdmin' page was openned
[INFO] [2025-04-27 16:37:38,817] - main: App Started
[INFO] [2025-04-27 16:37:38,875] - database: Connected to database was successfull
[INFO] [2025-04-27 16:37:44,551] - pages: 'StartAdmin' page was openned
[INFO] [2025-04-27 16:41:12,664] - main: App Started
[INFO] [2025-04-27 16:41:12,828] - database: Connected to database was successfull
[INFO] [2025-04-27 16:41:13,208] - pages: 'StartAdmin' page was openned
[ERROR] [2025-04-27 16:41:45,989] - asyncio: Future exception was never retrieved
future: <Future finished exception=TypeError("'function' object cannot be interpreted as an integer")>
Traceback (most recent call last):
  File "c:\Users\user\AppData\Local\Programs\Python\Python311\Lib\concurrent\futures\thread.py", line 58, in run
    result = self.fn(*self.args, **self.kwargs)
             ^^^^^^^^^^^^^^^^^^^^^^^^^^^^^^^^^^
  File "c:\Users\user\AppData\Local\Programs\Python\Python311\Lib\site-packages\flet\core\page.py", line 903, in wrapper
    handler(*args)
  File "E:\PROJECT\Python\NAMT_BOT\Git\UnimportantProject_HAMT\Desktop\pages.py", line 552, in adminRegInBD
    result=bd.reqExecute(f"Select * from Administrators where TG_Username='{sha384(usernameField.value.encode()).hexdigest()}' AND FSL='{(fslField.value)}' AND Mac_Address='{hex(uuid.getnode)}'")
                                                                                                                                                                              ^^^^^^^^^^^^^^^^^
TypeError: 'function' object cannot be interpreted as an integer
[INFO] [2025-04-27 16:42:03,631] - main: App Started
[INFO] [2025-04-27 16:42:03,796] - database: Connected to database was successfull
[INFO] [2025-04-27 16:42:04,199] - pages: 'StartAdmin' page was openned
[ERROR] [2025-04-27 16:44:12,605] - asyncio: Future exception was never retrieved
future: <Future finished exception=UnboundLocalError("cannot access local variable 'baseColor' where it is not associated with a value")>
Traceback (most recent call last):
  File "c:\Users\user\AppData\Local\Programs\Python\Python311\Lib\concurrent\futures\thread.py", line 58, in run
    result = self.fn(*self.args, **self.kwargs)
             ^^^^^^^^^^^^^^^^^^^^^^^^^^^^^^^^^^
  File "c:\Users\user\AppData\Local\Programs\Python\Python311\Lib\site-packages\flet\core\page.py", line 903, in wrapper
    handler(*args)
  File "E:\PROJECT\Python\NAMT_BOT\Git\UnimportantProject_HAMT\Desktop\pages.py", line 594, in adminRegInBD
    control.border_color=baseColor
                         ^^^^^^^^^
UnboundLocalError: cannot access local variable 'baseColor' where it is not associated with a value
[INFO] [2025-04-27 16:44:18,410] - pages: 'Start' page was openned
[INFO] [2025-04-27 16:44:20,535] - pages: 'Reset password' page was openned
[INFO] [2025-04-27 16:44:21,557] - pages: 'Start' page was openned
[INFO] [2025-04-27 16:45:29,460] - main: App Started
[INFO] [2025-04-27 16:45:29,514] - database: Connected to database was successfull
[INFO] [2025-04-27 16:45:29,906] - pages: 'Start' page was openned
[ERROR] [2025-04-27 16:45:34,863] - asyncio: Future exception was never retrieved
future: <Future finished exception=AttributeError("'Column' object has no attribute 'border_color'")>
Traceback (most recent call last):
  File "c:\Users\user\AppData\Local\Programs\Python\Python311\Lib\concurrent\futures\thread.py", line 58, in run
    result = self.fn(*self.args, **self.kwargs)
             ^^^^^^^^^^^^^^^^^^^^^^^^^^^^^^^^^^
  File "c:\Users\user\AppData\Local\Programs\Python\Python311\Lib\site-packages\flet\core\page.py", line 903, in wrapper
    handler(*args)
  File "E:\PROJECT\Python\NAMT_BOT\Git\UnimportantProject_HAMT\Desktop\pages.py", line 472, in nextPage
    deskU.errorField(self)
  File "E:\PROJECT\Python\NAMT_BOT\Git\UnimportantProject_HAMT\utilits\utilits_desktop.py", line 149, in errorField
    baseColor=self.page.controls[0].border_color
              ^^^^^^^^^^^^^^^^^^^^^^^^^^^^^^^^^^
AttributeError: 'Column' object has no attribute 'border_color'
[ERROR] [2025-04-27 16:45:36,345] - asyncio: Future exception was never retrieved
future: <Future finished exception=AttributeError("'Column' object has no attribute 'border_color'")>
Traceback (most recent call last):
  File "c:\Users\user\AppData\Local\Programs\Python\Python311\Lib\concurrent\futures\thread.py", line 58, in run
    result = self.fn(*self.args, **self.kwargs)
             ^^^^^^^^^^^^^^^^^^^^^^^^^^^^^^^^^^
  File "c:\Users\user\AppData\Local\Programs\Python\Python311\Lib\site-packages\flet\core\page.py", line 903, in wrapper
    handler(*args)
  File "E:\PROJECT\Python\NAMT_BOT\Git\UnimportantProject_HAMT\Desktop\pages.py", line 472, in nextPage
    deskU.errorField(self)
  File "E:\PROJECT\Python\NAMT_BOT\Git\UnimportantProject_HAMT\utilits\utilits_desktop.py", line 149, in errorField
    baseColor=self.page.controls[0].border_color
              ^^^^^^^^^^^^^^^^^^^^^^^^^^^^^^^^^^
AttributeError: 'Column' object has no attribute 'border_color'
[ERROR] [2025-04-27 16:45:53,505] - asyncio: Future exception was never retrieved
future: <Future finished exception=AttributeError("'Column' object has no attribute 'border_color'")>
Traceback (most recent call last):
  File "c:\Users\user\AppData\Local\Programs\Python\Python311\Lib\concurrent\futures\thread.py", line 58, in run
    result = self.fn(*self.args, **self.kwargs)
             ^^^^^^^^^^^^^^^^^^^^^^^^^^^^^^^^^^
  File "c:\Users\user\AppData\Local\Programs\Python\Python311\Lib\site-packages\flet\core\page.py", line 903, in wrapper
    handler(*args)
  File "E:\PROJECT\Python\NAMT_BOT\Git\UnimportantProject_HAMT\Desktop\pages.py", line 472, in nextPage
    deskU.errorField(self)
  File "E:\PROJECT\Python\NAMT_BOT\Git\UnimportantProject_HAMT\utilits\utilits_desktop.py", line 149, in errorField
    baseColor=self.page.controls[0].border_color
              ^^^^^^^^^^^^^^^^^^^^^^^^^^^^^^^^^^
AttributeError: 'Column' object has no attribute 'border_color'
[INFO] [2025-04-27 16:46:00,261] - main: App Started
[INFO] [2025-04-27 16:46:00,313] - database: Connected to database was successfull
[INFO] [2025-04-27 16:46:00,731] - pages: 'Start' page was openned
[INFO] [2025-04-27 16:46:15,379] - main: App Started
[INFO] [2025-04-27 16:46:15,431] - database: Connected to database was successfull
[INFO] [2025-04-27 16:46:15,847] - pages: 'Start' page was openned
[ERROR] [2025-04-27 16:46:19,721] - asyncio: Future exception was never retrieved
future: <Future finished exception=AttributeError("'Column' object has no attribute 'border_color'")>
Traceback (most recent call last):
  File "c:\Users\user\AppData\Local\Programs\Python\Python311\Lib\concurrent\futures\thread.py", line 58, in run
    result = self.fn(*self.args, **self.kwargs)
             ^^^^^^^^^^^^^^^^^^^^^^^^^^^^^^^^^^
  File "c:\Users\user\AppData\Local\Programs\Python\Python311\Lib\site-packages\flet\core\page.py", line 903, in wrapper
    handler(*args)
  File "E:\PROJECT\Python\NAMT_BOT\Git\UnimportantProject_HAMT\Desktop\pages.py", line 472, in nextPage
    deskU.errorField(self)
  File "E:\PROJECT\Python\NAMT_BOT\Git\UnimportantProject_HAMT\utilits\utilits_desktop.py", line 149, in errorField
    baseColor=self.page.controls[0].border_color.value
              ^^^^^^^^^^^^^^^^^^^^^^^^^^^^^^^^^^
AttributeError: 'Column' object has no attribute 'border_color'
[ERROR] [2025-04-27 16:46:20,424] - asyncio: Future exception was never retrieved
future: <Future finished exception=AttributeError("'Column' object has no attribute 'border_color'")>
Traceback (most recent call last):
  File "c:\Users\user\AppData\Local\Programs\Python\Python311\Lib\concurrent\futures\thread.py", line 58, in run
    result = self.fn(*self.args, **self.kwargs)
             ^^^^^^^^^^^^^^^^^^^^^^^^^^^^^^^^^^
  File "c:\Users\user\AppData\Local\Programs\Python\Python311\Lib\site-packages\flet\core\page.py", line 903, in wrapper
    handler(*args)
  File "E:\PROJECT\Python\NAMT_BOT\Git\UnimportantProject_HAMT\Desktop\pages.py", line 472, in nextPage
    deskU.errorField(self)
  File "E:\PROJECT\Python\NAMT_BOT\Git\UnimportantProject_HAMT\utilits\utilits_desktop.py", line 149, in errorField
    baseColor=self.page.controls[0].border_color.value
              ^^^^^^^^^^^^^^^^^^^^^^^^^^^^^^^^^^
AttributeError: 'Column' object has no attribute 'border_color'
[ERROR] [2025-04-27 16:46:20,585] - asyncio: Future exception was never retrieved
future: <Future finished exception=AttributeError("'Column' object has no attribute 'border_color'")>
Traceback (most recent call last):
  File "c:\Users\user\AppData\Local\Programs\Python\Python311\Lib\concurrent\futures\thread.py", line 58, in run
    result = self.fn(*self.args, **self.kwargs)
             ^^^^^^^^^^^^^^^^^^^^^^^^^^^^^^^^^^
  File "c:\Users\user\AppData\Local\Programs\Python\Python311\Lib\site-packages\flet\core\page.py", line 903, in wrapper
    handler(*args)
  File "E:\PROJECT\Python\NAMT_BOT\Git\UnimportantProject_HAMT\Desktop\pages.py", line 472, in nextPage
    deskU.errorField(self)
  File "E:\PROJECT\Python\NAMT_BOT\Git\UnimportantProject_HAMT\utilits\utilits_desktop.py", line 149, in errorField
    baseColor=self.page.controls[0].border_color.value
              ^^^^^^^^^^^^^^^^^^^^^^^^^^^^^^^^^^
AttributeError: 'Column' object has no attribute 'border_color'
[INFO] [2025-04-27 16:46:47,827] - main: App Started
[INFO] [2025-04-27 16:46:47,884] - database: Connected to database was successfull
[INFO] [2025-04-27 16:46:48,301] - pages: 'Start' page was openned
[ERROR] [2025-04-27 16:47:02,757] - asyncio: Future exception was never retrieved
future: <Future finished exception=AttributeError("'Column' object has no attribute 'border_color'")>
Traceback (most recent call last):
  File "c:\Users\user\AppData\Local\Programs\Python\Python311\Lib\concurrent\futures\thread.py", line 58, in run
    result = self.fn(*self.args, **self.kwargs)
             ^^^^^^^^^^^^^^^^^^^^^^^^^^^^^^^^^^
  File "c:\Users\user\AppData\Local\Programs\Python\Python311\Lib\site-packages\flet\core\page.py", line 903, in wrapper
    handler(*args)
  File "E:\PROJECT\Python\NAMT_BOT\Git\UnimportantProject_HAMT\Desktop\pages.py", line 472, in nextPage
    deskU.errorField(self)
  File "E:\PROJECT\Python\NAMT_BOT\Git\UnimportantProject_HAMT\utilits\utilits_desktop.py", line 149, in errorField
    baseColor=self.page.controls[0].border_color
              ^^^^^^^^^^^^^^^^^^^^^^^^^^^^^^^^^^
AttributeError: 'Column' object has no attribute 'border_color'
[INFO] [2025-04-27 16:47:21,775] - main: App Started
[INFO] [2025-04-27 16:47:21,827] - database: Connected to database was successfull
[INFO] [2025-04-27 16:47:22,268] - pages: 'Start' page was openned
[ERROR] [2025-04-27 16:47:25,083] - asyncio: Future exception was never retrieved
future: <Future finished exception=AttributeError("'Text' object has no attribute 'border_color'")>
Traceback (most recent call last):
  File "c:\Users\user\AppData\Local\Programs\Python\Python311\Lib\concurrent\futures\thread.py", line 58, in run
    result = self.fn(*self.args, **self.kwargs)
             ^^^^^^^^^^^^^^^^^^^^^^^^^^^^^^^^^^
  File "c:\Users\user\AppData\Local\Programs\Python\Python311\Lib\site-packages\flet\core\page.py", line 903, in wrapper
    handler(*args)
  File "E:\PROJECT\Python\NAMT_BOT\Git\UnimportantProject_HAMT\Desktop\pages.py", line 472, in nextPage
    deskU.errorField(self)
  File "E:\PROJECT\Python\NAMT_BOT\Git\UnimportantProject_HAMT\utilits\utilits_desktop.py", line 149, in errorField
    baseColor=self.page.controls[1].border_color
              ^^^^^^^^^^^^^^^^^^^^^^^^^^^^^^^^^^
AttributeError: 'Text' object has no attribute 'border_color'
[INFO] [2025-04-27 16:48:19,421] - main: App Started
[INFO] [2025-04-27 16:48:19,473] - database: Connected to database was successfull
[INFO] [2025-04-27 16:48:19,906] - pages: 'Start' page was openned
[INFO] [2025-04-28 11:26:49,869] - main: App Started
[INFO] [2025-04-28 11:26:49,982] - database: Connected to database was successfull
[INFO] [2025-04-28 11:29:07,846] - main: App Started
[INFO] [2025-04-28 11:29:07,903] - database: Connected to database was successfull
[INFO] [2025-04-28 11:29:08,313] - pages: 'Start' page was openned
[INFO] [2025-04-28 11:29:47,673] - main: App Started
[INFO] [2025-04-28 11:29:47,832] - database: Connected to database was successfull
[INFO] [2025-04-28 11:29:48,289] - pages: 'Start' page was openned
[INFO] [2025-04-28 11:31:23,746] - main: App Started
[INFO] [2025-04-28 11:31:23,807] - database: Connected to database was successfull
[INFO] [2025-04-28 11:31:24,271] - pages: 'Start' page was openned
[INFO] [2025-04-28 11:31:40,681] - main: App Started
[INFO] [2025-04-28 11:31:40,741] - database: Connected to database was successfull
[INFO] [2025-04-28 11:31:41,148] - pages: 'Start' page was openned
[INFO] [2025-04-28 11:31:52,864] - pages: 'Reset password' page was openned
[INFO] [2025-04-28 11:31:54,267] - pages: 'Start' page was openned
[INFO] [2025-04-28 11:31:54,812] - pages: 'StartAdmin' page was openned
[INFO] [2025-04-28 11:31:58,529] - pages: 'Start' page was openned
[INFO] [2025-04-28 11:32:27,546] - main: App Started
[INFO] [2025-04-28 11:32:27,620] - database: Connected to database was successfull
[INFO] [2025-04-28 11:32:28,222] - pages: 'Start' page was openned
[INFO] [2025-04-28 11:32:44,248] - pages: 'StartAdmin' page was openned
[INFO] [2025-04-28 11:32:45,332] - pages: 'Start' page was openned
[INFO] [2025-04-28 11:32:46,194] - pages: 'Reset password' page was openned
[INFO] [2025-04-28 11:32:46,971] - pages: 'Start' page was openned
[INFO] [2025-04-28 12:12:37,181] - main: App Started
[INFO] [2025-04-28 12:12:37,269] - database: Connected to database was successfull
[INFO] [2025-04-28 12:12:38,042] - pages: 'Start' page was openned
[INFO] [2025-04-28 12:14:13,161] - pages: 'StartAdmin' page was openned
[ERROR] [2025-04-28 12:14:19,351] - asyncio: Future exception was never retrieved
future: <Future finished exception=AttributeError("'Row' object has no attribute 'border_color'")>
Traceback (most recent call last):
  File "c:\Users\user\AppData\Local\Programs\Python\Python311\Lib\concurrent\futures\thread.py", line 58, in run
    result = self.fn(*self.args, **self.kwargs)
             ^^^^^^^^^^^^^^^^^^^^^^^^^^^^^^^^^^
  File "c:\Users\user\AppData\Local\Programs\Python\Python311\Lib\site-packages\flet\core\page.py", line 903, in wrapper
    handler(*args)
  File "E:\PROJECT\Python\NAMT_BOT\Git\UnimportantProject_HAMT\Desktop\pages.py", line 609, in adminRegInBD
    baseColor=self.page.controls[0].border_color
              ^^^^^^^^^^^^^^^^^^^^^^^^^^^^^^^^^^
AttributeError: 'Row' object has no attribute 'border_color'
[ERROR] [2025-04-28 12:14:26,473] - asyncio: Future exception was never retrieved
future: <Future finished exception=AttributeError("'Row' object has no attribute 'border_color'")>
Traceback (most recent call last):
  File "c:\Users\user\AppData\Local\Programs\Python\Python311\Lib\concurrent\futures\thread.py", line 58, in run
    result = self.fn(*self.args, **self.kwargs)
             ^^^^^^^^^^^^^^^^^^^^^^^^^^^^^^^^^^
  File "c:\Users\user\AppData\Local\Programs\Python\Python311\Lib\site-packages\flet\core\page.py", line 903, in wrapper
    handler(*args)
  File "E:\PROJECT\Python\NAMT_BOT\Git\UnimportantProject_HAMT\Desktop\pages.py", line 609, in adminRegInBD
    baseColor=self.page.controls[0].border_color
              ^^^^^^^^^^^^^^^^^^^^^^^^^^^^^^^^^^
AttributeError: 'Row' object has no attribute 'border_color'
[INFO] [2025-04-28 12:15:02,398] - main: App Started
[INFO] [2025-04-28 12:15:02,457] - database: Connected to database was successfull
[INFO] [2025-04-28 12:15:02,879] - pages: 'Start' page was openned
[INFO] [2025-04-28 12:15:04,714] - pages: 'StartAdmin' page was openned
[ERROR] [2025-04-28 12:15:05,271] - asyncio: Future exception was never retrieved
future: <Future finished exception=AttributeError("'Column' object has no attribute 'border_color'")>
Traceback (most recent call last):
  File "c:\Users\user\AppData\Local\Programs\Python\Python311\Lib\concurrent\futures\thread.py", line 58, in run
    result = self.fn(*self.args, **self.kwargs)
             ^^^^^^^^^^^^^^^^^^^^^^^^^^^^^^^^^^
  File "c:\Users\user\AppData\Local\Programs\Python\Python311\Lib\site-packages\flet\core\page.py", line 903, in wrapper
    handler(*args)
  File "E:\PROJECT\Python\NAMT_BOT\Git\UnimportantProject_HAMT\Desktop\pages.py", line 609, in adminRegInBD
    baseColor=self.page.controls[1].border_color
              ^^^^^^^^^^^^^^^^^^^^^^^^^^^^^^^^^^
AttributeError: 'Column' object has no attribute 'border_color'
[INFO] [2025-04-28 12:15:40,174] - main: App Started
[INFO] [2025-04-28 12:15:40,242] - database: Connected to database was successfull
[INFO] [2025-04-28 12:15:40,778] - pages: 'Start' page was openned
[INFO] [2025-04-28 12:15:44,143] - pages: 'StartAdmin' page was openned
[INFO] [2025-04-28 12:15:55,119] - pages: 'Start' page was openned
[INFO] [2025-04-28 12:15:57,019] - pages: 'Reset password' page was openned
[INFO] [2025-04-28 12:15:57,715] - pages: 'Start' page was openned
[INFO] [2025-04-28 12:15:58,314] - pages: 'Reset password' page was openned
[INFO] [2025-04-28 12:16:00,880] - pages: 'Start' page was openned
[INFO] [2025-04-28 12:30:22,913] - main: App Started
[INFO] [2025-04-28 12:30:22,991] - database: Connected to database was successfull
[INFO] [2025-04-28 12:30:23,681] - pages: 'Start' page was openned
[INFO] [2025-04-28 12:32:20,788] - main: App Started
[INFO] [2025-04-28 12:32:21,023] - database: Connected to database was successfull
[INFO] [2025-04-28 12:32:24,493] - pages: 'Start' page was openned
[INFO] [2025-04-28 12:33:53,621] - main: App Started
[INFO] [2025-04-28 12:33:53,678] - database: Connected to database was successfull
[INFO] [2025-04-28 12:34:08,012] - main: App Started
[INFO] [2025-04-28 12:34:08,069] - database: Connected to database was successfull
[INFO] [2025-04-28 12:34:08,501] - pages: 'Start' page was openned
[INFO] [2025-04-28 12:35:49,124] - main: App Started
[INFO] [2025-04-28 12:35:49,296] - database: Connected to database was successfull
[INFO] [2025-04-28 12:35:49,735] - pages: 'Start' page was openned
[INFO] [2025-04-28 12:36:55,567] - main: App Started
[INFO] [2025-04-28 12:36:55,624] - database: Connected to database was successfull
[INFO] [2025-04-28 12:36:56,034] - pages: 'Start' page was openned
[INFO] [2025-04-28 12:37:46,768] - main: App Started
[INFO] [2025-04-28 12:37:46,824] - database: Connected to database was successfull
[INFO] [2025-04-28 12:37:47,350] - pages: 'Start' page was openned
[INFO] [2025-04-28 12:39:24,379] - main: App Started
[INFO] [2025-04-28 12:39:24,586] - database: Connected to database was successfull
[INFO] [2025-04-28 12:39:24,993] - pages: 'Start' page was openned
[INFO] [2025-04-28 12:40:30,064] - main: App Started
[INFO] [2025-04-28 12:40:30,220] - database: Connected to database was successfull
[INFO] [2025-04-28 12:40:30,745] - pages: 'Start' page was openned
[INFO] [2025-04-28 12:43:52,456] - main: App Started
[INFO] [2025-04-28 12:43:52,512] - database: Connected to database was successfull
[INFO] [2025-04-28 12:43:52,980] - pages: 'Start' page was openned
[INFO] [2025-04-28 12:44:00,649] - pages: 'StartAdmin' page was openned
[INFO] [2025-04-28 12:44:05,029] - pages: 'Start' page was openned
[INFO] [2025-04-28 12:44:36,215] - main: App Started
[INFO] [2025-04-28 12:44:36,274] - database: Connected to database was successfull
[INFO] [2025-04-28 12:44:36,699] - pages: 'Start' page was openned
[INFO] [2025-04-28 12:45:36,246] - main: App Started
[INFO] [2025-04-28 12:45:36,435] - database: Connected to database was successfull
[INFO] [2025-04-28 12:45:36,831] - pages: 'Start' page was openned
[INFO] [2025-04-28 12:45:59,532] - main: App Started
[INFO] [2025-04-28 12:45:59,733] - database: Connected to database was successfull
[INFO] [2025-04-28 12:46:00,141] - pages: 'Start' page was openned
[INFO] [2025-04-28 12:47:12,988] - main: App Started
[INFO] [2025-04-28 12:47:13,149] - database: Connected to database was successfull
[INFO] [2025-04-28 12:47:13,549] - pages: 'Start' page was openned
[INFO] [2025-04-28 13:25:53,039] - main: App Started
[INFO] [2025-04-28 13:25:53,222] - database: Connected to database was successfull
[INFO] [2025-04-28 13:25:53,635] - pages: 'Start' page was openned
[INFO] [2025-04-28 13:28:03,224] - main: App Started
[INFO] [2025-04-28 13:28:03,397] - database: Connected to database was successfull
[INFO] [2025-04-28 13:28:03,932] - pages: 'Start' page was openned
[INFO] [2025-04-28 13:28:06,760] - pages: 'Reset password' page was openned
[INFO] [2025-04-28 13:28:07,455] - pages: 'Start' page was openned
[INFO] [2025-04-28 13:28:08,626] - pages: 'Reset password' page was openned
[ERROR] [2025-04-28 13:28:12,938] - pages:  list index out of range
Traceback (most recent call last):
  File "E:\PROJECT\Python\NAMT_BOT\Git\UnimportantProject_HAMT\Desktop\pages.py", line 411, in resetPassword_handler
    result=bd.reqExecute(f"Select * from Administrators where TG_Username='{usernameReq[0][0]}'")
                                                                            ~~~~~~~~~~~^^^
IndexError: list index out of range
[ERROR] [2025-04-28 13:28:52,936] - pages:  list index out of range
Traceback (most recent call last):
  File "E:\PROJECT\Python\NAMT_BOT\Git\UnimportantProject_HAMT\Desktop\pages.py", line 411, in resetPassword_handler
    result=bd.reqExecute(f"Select * from Administrators where TG_Username='{usernameReq[0][0]}'")
                                                                            ~~~~~~~~~~~^^^
IndexError: list index out of range
[INFO] [2025-04-28 13:30:39,502] - main: App Started
[INFO] [2025-04-28 13:30:39,702] - database: Connected to database was successfull
[INFO] [2025-04-28 13:30:40,117] - pages: 'Start' page was openned
[INFO] [2025-04-28 13:30:42,524] - pages: 'Reset password' page was openned
[INFO] [2025-04-28 13:31:12,673] - main: App Started
[INFO] [2025-04-28 13:31:12,731] - database: Connected to database was successfull
[INFO] [2025-04-28 13:31:13,177] - pages: 'Start' page was openned
[INFO] [2025-04-28 13:31:17,124] - pages: 'Reset password' page was openned
[INFO] [2025-04-28 13:32:24,737] - main: App Started
[INFO] [2025-04-28 13:32:24,797] - database: Connected to database was successfull
[INFO] [2025-04-28 13:32:25,254] - pages: 'Start' page was openned
[INFO] [2025-04-28 13:32:26,534] - pages: 'Reset password' page was openned
[INFO] [2025-04-28 13:36:16,368] - main: App Started
[INFO] [2025-04-28 13:36:16,420] - database: Connected to database was successfull
[INFO] [2025-04-28 13:36:17,030] - pages: 'Start' page was openned
[INFO] [2025-04-28 13:36:22,764] - pages: 'Reset password' page was openned
[INFO] [2025-04-28 13:39:26,781] - main: App Started
[INFO] [2025-04-28 13:39:26,978] - database: Connected to database was successfull
[INFO] [2025-04-28 13:39:27,390] - pages: 'Start' page was openned
[INFO] [2025-04-28 13:39:28,580] - pages: 'Reset password' page was openned
[INFO] [2025-04-28 13:42:15,144] - main: App Started
[INFO] [2025-04-28 13:42:15,336] - database: Connected to database was successfull
[INFO] [2025-04-28 13:42:15,730] - pages: 'Start' page was openned
[INFO] [2025-04-28 13:42:23,521] - pages: 'Reset password' page was openned
[INFO] [2025-04-28 13:42:42,914] - main: App Started
[INFO] [2025-04-28 13:42:43,097] - database: Connected to database was successfull
[INFO] [2025-04-28 13:42:43,535] - pages: 'Start' page was openned
[INFO] [2025-04-28 13:42:44,653] - pages: 'Reset password' page was openned
[INFO] [2025-04-28 13:42:54,776] - pages: 'Start' page was openned
[INFO] [2025-04-28 13:42:55,536] - pages: 'Reset password' page was openned
[INFO] [2025-04-28 13:44:22,517] - main: App Started
[INFO] [2025-04-28 13:44:22,580] - database: Connected to database was successfull
[INFO] [2025-04-28 13:44:23,049] - pages: 'Start' page was openned
[INFO] [2025-04-28 13:44:25,344] - pages: 'Reset password' page was openned
[ERROR] [2025-04-28 13:44:42,605] - database: Request execute was failed. Reason: :    ( : "=")
LINE 1: ...me from Users where TG_ID=userIdField.border_color=ft.colors...
                                                             ^

[ERROR] [2025-04-28 13:44:43,364] - pages:  object of type 'bool' has no len()
Traceback (most recent call last):
  File "E:\PROJECT\Python\NAMT_BOT\Git\UnimportantProject_HAMT\Desktop\pages.py", line 417, in resetPassword_handler
    if(len(usernameReq)!=0):
       ^^^^^^^^^^^^^^^^
TypeError: object of type 'bool' has no len()
[INFO] [2025-04-28 13:45:21,399] - main: App Started
[INFO] [2025-04-28 13:45:21,593] - database: Connected to database was successfull
[INFO] [2025-04-28 13:45:22,015] - pages: 'Start' page was openned
[INFO] [2025-04-28 13:45:23,541] - pages: 'Reset password' page was openned
[ERROR] [2025-04-28 13:45:24,479] - database: Request execute was failed. Reason: :    ( : "=")
LINE 1: ...me from Users where TG_ID=userIdField.border_color=ft.colors...
                                                             ^

[ERROR] [2025-04-28 13:45:24,479] - pages:  object of type 'bool' has no len()
Traceback (most recent call last):
  File "E:\PROJECT\Python\NAMT_BOT\Git\UnimportantProject_HAMT\Desktop\pages.py", line 417, in resetPassword_handler
    if(len(usernameReq)!=0):
       ^^^^^^^^^^^^^^^^
TypeError: object of type 'bool' has no len()
[INFO] [2025-04-28 13:45:30,510] - pages: 'Start' page was openned
[INFO] [2025-04-28 15:11:58,653] - pages: 'StartAdmin' page was openned
[ERROR] [2025-04-28 15:12:25,567] - database: Request execute was failed. Reason: :    ,      

[ERROR] [2025-04-28 15:12:55,008] - database: Request execute was failed. Reason: :    ,      

[INFO] [2025-04-28 15:13:02,748] - main: App Started
[INFO] [2025-04-28 15:13:02,810] - database: Connected to database was successfull
[INFO] [2025-04-28 15:13:03,304] - pages: 'Start' page was openned
[INFO] [2025-04-28 15:13:04,766] - pages: 'Reset password' page was openned
[INFO] [2025-04-28 15:13:06,327] - pages: 'Start' page was openned
[INFO] [2025-04-28 15:13:12,757] - pages: 'StartAdmin' page was openned
[INFO] [2025-04-28 15:15:13,955] - main: App Started
[INFO] [2025-04-28 15:15:14,174] - database: Connected to database was successfull
[INFO] [2025-04-28 15:15:14,844] - pages: 'Start' page was openned
[INFO] [2025-04-28 15:15:16,268] - pages: 'StartAdmin' page was openned
[INFO] [2025-04-28 15:21:37,501] - main: App Started
[INFO] [2025-04-28 15:21:37,564] - database: Connected to database was successfull
[INFO] [2025-04-28 15:21:38,124] - pages: 'Start' page was openned
[INFO] [2025-04-28 15:21:43,071] - pages: 'StartAdmin' page was openned
[INFO] [2025-04-28 15:24:05,980] - main: App Started
[INFO] [2025-04-28 15:24:06,095] - database: Connected to database was successfull
[INFO] [2025-04-28 15:24:06,665] - pages: 'Start' page was openned
[INFO] [2025-04-28 15:24:12,064] - pages: 'StartAdmin' page was openned
[INFO] [2025-04-28 15:25:25,288] - main: App Started
[INFO] [2025-04-28 15:25:25,346] - database: Connected to database was successfull
[INFO] [2025-04-28 15:25:25,895] - pages: 'Start' page was openned
[INFO] [2025-04-28 15:25:36,131] - pages: 'StartAdmin' page was openned
[INFO] [2025-04-28 15:30:08,906] - main: App Started
[INFO] [2025-04-28 15:30:08,957] - database: Connected to database was successfull
[INFO] [2025-04-28 15:30:09,386] - pages: 'Start' page was openned
[INFO] [2025-04-28 15:30:14,403] - pages: 'StartAdmin' page was openned
[ERROR] [2025-04-28 15:30:59,121] - asyncio: Future exception was never retrieved
future: <Future finished exception=UnboundLocalError("cannot access local variable 'baseColor' where it is not associated with a value")>
Traceback (most recent call last):
  File "c:\Users\user\AppData\Local\Programs\Python\Python311\Lib\concurrent\futures\thread.py", line 58, in run
    result = self.fn(*self.args, **self.kwargs)
             ^^^^^^^^^^^^^^^^^^^^^^^^^^^^^^^^^^
  File "c:\Users\user\AppData\Local\Programs\Python\Python311\Lib\site-packages\flet\core\page.py", line 903, in wrapper
    handler(*args)
  File "E:\PROJECT\Python\NAMT_BOT\Git\UnimportantProject_HAMT\Desktop\pages.py", line 645, in adminRegInBD
    control.border_color=baseColor
                         ^^^^^^^^^
UnboundLocalError: cannot access local variable 'baseColor' where it is not associated with a value
[INFO] [2025-04-28 15:31:01,945] - pages: 'Start' page was openned
[ERROR] [2025-04-28 15:31:17,754] - asyncio: Future exception was never retrieved
future: <Future finished exception=TypeError("'_hashlib.HASH' object cannot be interpreted as an integer")>
Traceback (most recent call last):
  File "c:\Users\user\AppData\Local\Programs\Python\Python311\Lib\concurrent\futures\thread.py", line 58, in run
    result = self.fn(*self.args, **self.kwargs)
             ^^^^^^^^^^^^^^^^^^^^^^^^^^^^^^^^^^
  File "c:\Users\user\AppData\Local\Programs\Python\Python311\Lib\site-packages\flet\core\page.py", line 903, in wrapper
    handler(*args)
  File "E:\PROJECT\Python\NAMT_BOT\Git\UnimportantProject_HAMT\Desktop\pages.py", line 503, in nextPage
    result=bd.reqExecute(f"Select * from Administrators where Login='{hex(sha384(loginField.value.encode()))}' OR TG_Username='{hex(sha384(loginField.value.encode()))}' AND Password='{hex(sha384(passwordField.value.encode()))}'")
                                                                      ^^^^^^^^^^^^^^^^^^^^^^^^^^^^^^^^^^^^^^
TypeError: '_hashlib.HASH' object cannot be interpreted as an integer
[ERROR] [2025-04-28 15:31:18,630] - asyncio: Future exception was never retrieved
future: <Future finished exception=TypeError("'_hashlib.HASH' object cannot be interpreted as an integer")>
Traceback (most recent call last):
  File "c:\Users\user\AppData\Local\Programs\Python\Python311\Lib\concurrent\futures\thread.py", line 58, in run
    result = self.fn(*self.args, **self.kwargs)
             ^^^^^^^^^^^^^^^^^^^^^^^^^^^^^^^^^^
  File "c:\Users\user\AppData\Local\Programs\Python\Python311\Lib\site-packages\flet\core\page.py", line 903, in wrapper
    handler(*args)
  File "E:\PROJECT\Python\NAMT_BOT\Git\UnimportantProject_HAMT\Desktop\pages.py", line 503, in nextPage
    result=bd.reqExecute(f"Select * from Administrators where Login='{hex(sha384(loginField.value.encode()))}' OR TG_Username='{hex(sha384(loginField.value.encode()))}' AND Password='{hex(sha384(passwordField.value.encode()))}'")
                                                                      ^^^^^^^^^^^^^^^^^^^^^^^^^^^^^^^^^^^^^^
TypeError: '_hashlib.HASH' object cannot be interpreted as an integer
[ERROR] [2025-04-28 15:31:58,362] - asyncio: Future exception was never retrieved
future: <Future finished exception=TypeError("'_hashlib.HASH' object cannot be interpreted as an integer")>
Traceback (most recent call last):
  File "c:\Users\user\AppData\Local\Programs\Python\Python311\Lib\concurrent\futures\thread.py", line 58, in run
    result = self.fn(*self.args, **self.kwargs)
             ^^^^^^^^^^^^^^^^^^^^^^^^^^^^^^^^^^
  File "c:\Users\user\AppData\Local\Programs\Python\Python311\Lib\site-packages\flet\core\page.py", line 903, in wrapper
    handler(*args)
  File "E:\PROJECT\Python\NAMT_BOT\Git\UnimportantProject_HAMT\Desktop\pages.py", line 503, in nextPage
    result=bd.reqExecute(f"Select * from Administrators where Login='{hex(sha384(loginField.value.encode()))}' OR TG_Username='{hex(sha384(loginField.value.encode()))}' AND Password='{hex(sha384(passwordField.value.encode()))}'")
                                                                      ^^^^^^^^^^^^^^^^^^^^^^^^^^^^^^^^^^^^^^
TypeError: '_hashlib.HASH' object cannot be interpreted as an integer
[INFO] [2025-04-28 15:33:16,826] - main: App Started
[INFO] [2025-04-28 15:33:16,902] - database: Connected to database was successfull
[INFO] [2025-04-28 15:33:17,365] - pages: 'Start' page was openned
[INFO] [2025-04-28 15:33:33,722] - pages: 'Main' page was openned
[INFO] [2025-04-28 15:33:40,477] - pages: 'Main' page was openned
[INFO] [2025-04-28 15:33:42,048] - pages: 'Main' page was openned
[INFO] [2025-04-28 15:33:43,696] - pages: 'Main' page was openned
[INFO] [2025-04-28 15:33:45,287] - pages: 'Main' page was openned
[ERROR] [2025-04-28 15:34:26,376] - database: Request execute was failed. Reason: :   "status_name"  
LINE 1: Select * from Equipment_Category where Status_Name='...
                                               ^

[ERROR] [2025-04-28 15:34:26,377] - asyncio: Future exception was never retrieved
future: <Future finished exception=TypeError("object of type 'bool' has no len()")>
Traceback (most recent call last):
  File "c:\Users\user\AppData\Local\Programs\Python\Python311\Lib\concurrent\futures\thread.py", line 58, in run
    result = self.fn(*self.args, **self.kwargs)
             ^^^^^^^^^^^^^^^^^^^^^^^^^^^^^^^^^^
  File "c:\Users\user\AppData\Local\Programs\Python\Python311\Lib\site-packages\flet\core\page.py", line 903, in wrapper
    handler(*args)
  File "E:\PROJECT\Python\NAMT_BOT\Git\UnimportantProject_HAMT\utilits\utilits_desktop.py", line 354, in __changeData
    if (len(bd.reqExecute(f"Select * from Equipment_Category where {argc.control.data.split('|')[4]}='{(argc.page.overlay[len(argc.page.overlay)-1].content.value)}'"))==0):
        ^^^^^^^^^^^^^^^^^^^^^^^^^^^^^^^^^^^^^^^^^^^^^^^^^^^^^^^^^^^^^^^^^^^^^^^^^^^^^^^^^^^^^^^^^^^^^^^^^^^^^^^^^^^^^^^^^^^^^^^^^^^^^^^^^^^^^^^^^^^^^^^^^^^^^^^^^^^^^^^
TypeError: object of type 'bool' has no len()
[INFO] [2025-04-28 15:35:03,094] - main: App Started
[INFO] [2025-04-28 15:35:03,188] - database: Connected to database was successfull
[INFO] [2025-04-28 15:35:04,332] - pages: 'Start' page was openned
[INFO] [2025-04-28 15:36:09,342] - main: App Started
[INFO] [2025-04-28 15:36:09,527] - database: Connected to database was successfull
[INFO] [2025-04-28 15:36:09,966] - pages: 'Start' page was openned
[INFO] [2025-04-28 15:36:31,880] - main: App Started
[INFO] [2025-04-28 15:36:31,939] - database: Connected to database was successfull
[INFO] [2025-04-28 15:36:32,415] - pages: 'Start' page was openned
[INFO] [2025-04-28 15:36:49,991] - pages: 'Main' page was openned
[INFO] [2025-04-28 15:38:06,952] - main: App Started
[INFO] [2025-04-28 15:38:07,005] - database: Connected to database was successfull
[INFO] [2025-04-28 15:38:07,458] - pages: 'Start' page was openned
[INFO] [2025-04-28 15:38:16,608] - pages: 'Main' page was openned
[ERROR] [2025-04-28 15:38:57,602] - asyncio: Future exception was never retrieved
future: <Future finished exception=AttributeError("'NoneType' object has no attribute 'split'")>
Traceback (most recent call last):
  File "c:\Users\user\AppData\Local\Programs\Python\Python311\Lib\concurrent\futures\thread.py", line 58, in run
    result = self.fn(*self.args, **self.kwargs)
             ^^^^^^^^^^^^^^^^^^^^^^^^^^^^^^^^^^
  File "c:\Users\user\AppData\Local\Programs\Python\Python311\Lib\site-packages\flet\core\page.py", line 903, in wrapper
    handler(*args)
  File "E:\PROJECT\Python\NAMT_BOT\Git\UnimportantProject_HAMT\Desktop\pages.py", line 195, in deleteData
    self_main.control.data[1].updateTable(self)
  File "E:\PROJECT\Python\NAMT_BOT\Git\UnimportantProject_HAMT\utilits\utilits_desktop.py", line 301, in updateTable
    table=self.getTable(int(argc.control.data.split('|')[3]))
                            ^^^^^^^^^^^^^^^^^^^^^^^
AttributeError: 'NoneType' object has no attribute 'split'
[INFO] [2025-04-28 15:39:02,541] - pages: 'Main' page was openned
[INFO] [2025-04-28 15:41:40,842] - main: App Started
[INFO] [2025-04-28 15:41:40,999] - database: Connected to database was successfull
[INFO] [2025-04-28 15:41:41,427] - pages: 'Start' page was openned
[INFO] [2025-04-28 15:44:18,277] - pages: 'Main' page was openned
[ERROR] [2025-04-28 15:46:28,506] - asyncio: Future exception was never retrieved
future: <Future finished exception=AttributeError("'NoneType' object has no attribute '_build_add_commands'")>
Traceback (most recent call last):
  File "c:\Users\user\AppData\Local\Programs\Python\Python311\Lib\concurrent\futures\thread.py", line 58, in run
    result = self.fn(*self.args, **self.kwargs)
             ^^^^^^^^^^^^^^^^^^^^^^^^^^^^^^^^^^
  File "c:\Users\user\AppData\Local\Programs\Python\Python311\Lib\site-packages\flet\core\page.py", line 903, in wrapper
    handler(*args)
  File "E:\PROJECT\Python\NAMT_BOT\Git\UnimportantProject_HAMT\Desktop\pages.py", line 158, in deleteAllData_confirm
    self.control.data[1].updateTable(self)
  File "E:\PROJECT\Python\NAMT_BOT\Git\UnimportantProject_HAMT\utilits\utilits_desktop.py", line 310, in updateTable
    argc.page.update()
  File "c:\Users\user\AppData\Local\Programs\Python\Python311\Lib\site-packages\flet\core\page.py", line 732, in update
    r = self.__update(self)
        ^^^^^^^^^^^^^^^^^^^
  File "c:\Users\user\AppData\Local\Programs\Python\Python311\Lib\site-packages\flet\core\page.py", line 798, in __update
    commands, added_controls, removed_controls = self.__prepare_update(*controls)
                                                 ^^^^^^^^^^^^^^^^^^^^^^^^^^^^^^^^
  File "c:\Users\user\AppData\Local\Programs\Python\Python311\Lib\site-packages\flet\core\page.py", line 814, in __prepare_update
    control.build_update_commands(
  File "c:\Users\user\AppData\Local\Programs\Python\Python311\Lib\site-packages\flet\core\control.py", line 477, in build_update_commands
    ctrl.build_update_commands(
  File "c:\Users\user\AppData\Local\Programs\Python\Python311\Lib\site-packages\flet\core\control.py", line 458, in build_update_commands
    innerCmds = ctrl._build_add_commands(
                ^^^^^^^^^^^^^^^^^^^^^^^^
AttributeError: 'NoneType' object has no attribute '_build_add_commands'
[ERROR] [2025-04-28 15:47:50,763] - asyncio: Future exception was never retrieved
future: <Future finished exception=AttributeError("'NoneType' object has no attribute '_Control__uid'")>
Traceback (most recent call last):
  File "c:\Users\user\AppData\Local\Programs\Python\Python311\Lib\concurrent\futures\thread.py", line 58, in run
    result = self.fn(*self.args, **self.kwargs)
             ^^^^^^^^^^^^^^^^^^^^^^^^^^^^^^^^^^
  File "c:\Users\user\AppData\Local\Programs\Python\Python311\Lib\site-packages\flet\core\page.py", line 903, in wrapper
    handler(*args)
  File "E:\PROJECT\Python\NAMT_BOT\Git\UnimportantProject_HAMT\Desktop\pages.py", line 275, in <lambda>
    style=ft.MenuStyle(ft.alignment.top_left))
                                               
  File "E:\PROJECT\Python\NAMT_BOT\Git\UnimportantProject_HAMT\Desktop\pages.py", line 385, in main_page
  File "c:\Users\user\AppData\Local\Programs\Python\Python311\Lib\site-packages\flet\core\page.py", line 766, in clean
    self._clean(self)
  File "c:\Users\user\AppData\Local\Programs\Python\Python311\Lib\site-packages\flet\core\page.py", line 776, in _clean
    self._remove_control_recursively(self.index, child)
  File "c:\Users\user\AppData\Local\Programs\Python\Python311\Lib\site-packages\flet\core\control.py", line 514, in _remove_control_recursively
    removed_controls.extend(self._remove_control_recursively(index, child))
                            ^^^^^^^^^^^^^^^^^^^^^^^^^^^^^^^^^^^^^^^^^^^^^^
  File "c:\Users\user\AppData\Local\Programs\Python\Python311\Lib\site-packages\flet\core\control.py", line 510, in _remove_control_recursively
    if control.__uid in index:
       ^^^^^^^^^^^^^
AttributeError: 'NoneType' object has no attribute '_Control__uid'
[INFO] [2025-04-28 15:48:04,860] - main: App Started
[INFO] [2025-04-28 15:48:05,067] - database: Connected to database was successfull
[INFO] [2025-04-28 15:48:05,495] - pages: 'Start' page was openned
[INFO] [2025-04-28 15:48:19,392] - pages: 'Main' page was openned
[INFO] [2025-04-28 15:48:22,511] - pages: 'Main' page was openned
[INFO] [2025-04-28 15:48:24,021] - pages: 'Main' page was openned
[INFO] [2025-04-28 19:12:43,783] - main: App Started
[INFO] [2025-04-28 19:12:43,942] - database: Connected to database was successfull
[INFO] [2025-04-28 19:12:44,413] - pages: 'Start' page was openned
[INFO] [2025-04-28 19:13:25,992] - pages: 'Main' page was openned
[INFO] [2025-04-28 19:13:36,166] - pages: 'Main' page was openned
[INFO] [2025-04-28 19:13:38,262] - pages: 'Main' page was openned
[ERROR] [2025-04-28 19:14:22,526] - asyncio: Future exception was never retrieved
future: <Future finished exception=AttributeError("'NoneType' object has no attribute '_build_add_commands'")>
Traceback (most recent call last):
  File "c:\Users\user\AppData\Local\Programs\Python\Python311\Lib\concurrent\futures\thread.py", line 58, in run
    result = self.fn(*self.args, **self.kwargs)
             ^^^^^^^^^^^^^^^^^^^^^^^^^^^^^^^^^^
  File "c:\Users\user\AppData\Local\Programs\Python\Python311\Lib\site-packages\flet\core\page.py", line 903, in wrapper
    handler(*args)
  File "E:\PROJECT\Python\NAMT_BOT\Git\UnimportantProject_HAMT\Desktop\pages.py", line 159, in deleteAllData_confirm
    self.control.data[1].updateTable(self_main)
  File "E:\PROJECT\Python\NAMT_BOT\Git\UnimportantProject_HAMT\utilits\utilits_desktop.py", line 310, in updateTable
    argc.page.update()
  File "c:\Users\user\AppData\Local\Programs\Python\Python311\Lib\site-packages\flet\core\page.py", line 732, in update
    r = self.__update(self)
        ^^^^^^^^^^^^^^^^^^^
  File "c:\Users\user\AppData\Local\Programs\Python\Python311\Lib\site-packages\flet\core\page.py", line 798, in __update
    commands, added_controls, removed_controls = self.__prepare_update(*controls)
                                                 ^^^^^^^^^^^^^^^^^^^^^^^^^^^^^^^^
  File "c:\Users\user\AppData\Local\Programs\Python\Python311\Lib\site-packages\flet\core\page.py", line 814, in __prepare_update
    control.build_update_commands(
  File "c:\Users\user\AppData\Local\Programs\Python\Python311\Lib\site-packages\flet\core\control.py", line 477, in build_update_commands
    ctrl.build_update_commands(
  File "c:\Users\user\AppData\Local\Programs\Python\Python311\Lib\site-packages\flet\core\control.py", line 458, in build_update_commands
    innerCmds = ctrl._build_add_commands(
                ^^^^^^^^^^^^^^^^^^^^^^^^
AttributeError: 'NoneType' object has no attribute '_build_add_commands'
[ERROR] [2025-04-28 19:14:29,738] - asyncio: Future exception was never retrieved
future: <Future finished exception=AttributeError("'NoneType' object has no attribute '_Control__uid'")>
Traceback (most recent call last):
  File "c:\Users\user\AppData\Local\Programs\Python\Python311\Lib\concurrent\futures\thread.py", line 58, in run
    result = self.fn(*self.args, **self.kwargs)
             ^^^^^^^^^^^^^^^^^^^^^^^^^^^^^^^^^^
  File "c:\Users\user\AppData\Local\Programs\Python\Python311\Lib\site-packages\flet\core\page.py", line 903, in wrapper
    handler(*args)
  File "E:\PROJECT\Python\NAMT_BOT\Git\UnimportantProject_HAMT\Desktop\pages.py", line 243, in <lambda>
    backButton=ft.IconButton(icon=ft.icons.ARROW_BACK, on_click=lambda _: main_page(page))
                                                                          ^^^^^^^^^^^^^^^
  File "E:\PROJECT\Python\NAMT_BOT\Git\UnimportantProject_HAMT\Desktop\pages.py", line 386, in main_page
    page.clean()
  File "c:\Users\user\AppData\Local\Programs\Python\Python311\Lib\site-packages\flet\core\page.py", line 766, in clean
    self._clean(self)
  File "c:\Users\user\AppData\Local\Programs\Python\Python311\Lib\site-packages\flet\core\page.py", line 776, in _clean
    self._remove_control_recursively(self.index, child)
  File "c:\Users\user\AppData\Local\Programs\Python\Python311\Lib\site-packages\flet\core\control.py", line 514, in _remove_control_recursively
    removed_controls.extend(self._remove_control_recursively(index, child))
                            ^^^^^^^^^^^^^^^^^^^^^^^^^^^^^^^^^^^^^^^^^^^^^^
  File "c:\Users\user\AppData\Local\Programs\Python\Python311\Lib\site-packages\flet\core\control.py", line 510, in _remove_control_recursively
    if control.__uid in index:
       ^^^^^^^^^^^^^
AttributeError: 'NoneType' object has no attribute '_Control__uid'
[INFO] [2025-04-28 19:24:02,591] - main: App Started
[INFO] [2025-04-28 19:24:02,800] - database: Connected to database was successfull
[INFO] [2025-04-28 19:24:03,223] - pages: 'Start' page was openned
[INFO] [2025-04-28 19:25:37,935] - main: App Started
[INFO] [2025-04-28 19:25:37,991] - database: Connected to database was successfull
[INFO] [2025-04-28 19:25:38,543] - pages: 'Start' page was openned
[INFO] [2025-04-28 19:25:47,849] - pages: 'Main' page was openned
[INFO] [2025-04-28 19:25:51,371] - pages: 'Main' page was openned
[INFO] [2025-04-28 19:25:52,834] - pages: 'Main' page was openned
[INFO] [2025-04-28 19:25:55,181] - pages: 'Main' page was openned
[INFO] [2025-04-28 19:25:57,226] - pages: 'Main' page was openned
[INFO] [2025-04-28 19:25:58,584] - pages: 'Main' page was openned
[INFO] [2025-04-28 19:26:36,504] - pages: 'Main' page was openned
[INFO] [2025-04-28 19:26:42,570] - pages: 'Main' page was openned
[INFO] [2025-04-28 19:26:44,399] - pages: 'Main' page was openned
[INFO] [2025-04-28 19:26:46,270] - pages: 'Main' page was openned
[INFO] [2025-04-28 19:27:11,212] - main: App Started
[INFO] [2025-04-28 19:27:11,384] - database: Connected to database was successfull
[INFO] [2025-04-28 19:27:11,956] - pages: 'Start' page was openned
[INFO] [2025-04-28 19:27:38,785] - main: App Started
[INFO] [2025-04-28 19:27:38,838] - database: Connected to database was successfull
[INFO] [2025-04-28 19:27:39,392] - pages: 'Start' page was openned
[INFO] [2025-04-28 19:27:49,535] - pages: 'Main' page was openned
[INFO] [2025-04-28 19:27:54,236] - pages: 'Main' page was openned
[INFO] [2025-04-28 19:27:56,121] - pages: 'Main' page was openned
[INFO] [2025-04-28 19:28:08,728] - main: App Started
[INFO] [2025-04-28 19:28:08,876] - database: Connected to database was successfull
[INFO] [2025-04-28 19:28:09,359] - pages: 'Start' page was openned
[INFO] [2025-04-28 19:28:21,649] - pages: 'Main' page was openned
[INFO] [2025-04-28 19:28:32,105] - pages: 'Main' page was openned
[INFO] [2025-04-28 19:28:33,824] - pages: 'Main' page was openned
[INFO] [2025-04-28 19:28:35,357] - pages: 'Main' page was openned
[INFO] [2025-04-28 19:28:37,008] - pages: 'Main' page was openned
[INFO] [2025-04-28 19:28:38,518] - pages: 'Main' page was openned
[INFO] [2025-04-28 19:31:20,953] - pages: 'Main' page was openned
[INFO] [2025-04-28 19:31:23,056] - pages: 'Main' page was openned
[INFO] [2025-04-28 19:31:24,586] - pages: 'Main' page was openned
[INFO] [2025-04-28 19:31:25,932] - pages: 'Main' page was openned
[INFO] [2025-04-28 19:31:28,291] - pages: 'Main' page was openned
[INFO] [2025-04-28 19:52:13,263] - main: App Started
[INFO] [2025-04-28 19:52:13,314] - database: Connected to database was successfull
[INFO] [2025-04-28 19:52:13,733] - pages: 'Start' page was openned
[INFO] [2025-04-28 19:53:41,132] - pages: 'Main' page was openned
[INFO] [2025-04-28 19:53:44,362] - pages: 'Main' page was openned
[INFO] [2025-04-28 19:53:45,916] - pages: 'Main' page was openned
[INFO] [2025-04-28 19:53:47,538] - pages: 'Main' page was openned
[INFO] [2025-04-28 19:53:48,944] - pages: 'Main' page was openned
[INFO] [2025-04-28 19:56:23,011] - main: App Started
[INFO] [2025-04-28 19:56:23,064] - database: Connected to database was successfull
[INFO] [2025-04-28 19:56:23,461] - pages: 'Start' page was openned
[INFO] [2025-04-28 21:14:41,050] - main: App Started
[INFO] [2025-04-28 21:14:41,111] - database: Connected to database was successfull
[INFO] [2025-04-28 21:14:41,607] - pages: 'Start' page was openned
[INFO] [2025-04-28 21:15:02,974] - pages: 'Main' page was openned
[ERROR] [2025-04-28 21:15:10,125] - asyncio: Future exception was never retrieved
future: <Future finished exception=AttributeError("'Text' object has no attribute 'controls'")>
Traceback (most recent call last):
  File "c:\Users\user\AppData\Local\Programs\Python\Python311\Lib\concurrent\futures\thread.py", line 58, in run
    result = self.fn(*self.args, **self.kwargs)
             ^^^^^^^^^^^^^^^^^^^^^^^^^^^^^^^^^^
  File "c:\Users\user\AppData\Local\Programs\Python\Python311\Lib\site-packages\flet\core\page.py", line 903, in wrapper
    handler(*args)
  File "E:\PROJECT\Python\NAMT_BOT\Git\UnimportantProject_HAMT\utilits\utilits_desktop.py", line 231, in editMode
    for i in argc.page.controls[1].controls[0].controls[0].rows:
             ^^^^^^^^^^^^^^^^^^^^^^^^^^^^^^^^^^^^^^^^^^
AttributeError: 'Text' object has no attribute 'controls'
[INFO] [2025-04-28 21:15:41,514] - pages: 'Main' page was openned
[INFO] [2025-04-28 21:17:19,984] - main: App Started
[INFO] [2025-04-28 21:17:20,033] - database: Connected to database was successfull
[INFO] [2025-04-28 21:17:20,592] - pages: 'Start' page was openned
[INFO] [2025-04-28 21:17:32,791] - pages: 'Main' page was openned
[INFO] [2025-04-28 21:17:34,622] - pages: 'Main' page was openned
[INFO] [2025-04-28 21:18:06,878] - main: App Started
[INFO] [2025-04-28 21:18:06,929] - database: Connected to database was successfull
[INFO] [2025-04-28 21:18:07,351] - pages: 'Start' page was openned
[INFO] [2025-04-28 21:18:21,656] - pages: 'Main' page was openned
